<?xml version="1.0" encoding="UTF-8"?>
<testng-results ignored="0" total="1" passed="1" failed="0" skipped="0">
  <reporter-output>
  </reporter-output>
  <suite started-at="2026-05-16T16:10:25 BST" name="LoginSuite" finished-at="2026-05-16T16:10:34 BST" duration-ms="8644">
    <groups>
    </groups>
    <test started-at="2026-05-16T16:10:25 BST" name="LoginTests" finished-at="2026-05-16T16:10:34 BST" duration-ms="8644">
      <class name="test.LoginTest">
        <test-method is-config="true" signature="setup()[pri:0, instance:test.LoginTest@145f66e3]" started-at="2026-05-16T16:10:25 BST" name="setup" finished-at="2026-05-16T16:10:31 BST" duration-ms="5664" status="PASS">
          <reporter-output>
          </reporter-output>
        </test-method> <!-- setup -->
        <test-method signature="testValidlogin()[pri:0, instance:test.LoginTest@145f66e3]" started-at="2026-05-16T16:10:31 BST" name="testValidlogin" finished-at="2026-05-16T16:10:34 BST" duration-ms="2874" status="PASS">
          <reporter-output>
          </reporter-output>
        </test-method> <!-- testValidlogin -->
        <test-method is-config="true" signature="teardown()[pri:0, instance:test.LoginTest@145f66e3]" started-at="2026-05-16T16:10:34 BST" name="teardown" finished-at="2026-05-16T16:10:34 BST" duration-ms="2" status="PASS">
          <reporter-output>
          </reporter-output>
        </test-method> <!-- teardown -->
      </class> <!-- test.LoginTest -->
    </test> <!-- LoginTests -->
  </suite> <!-- LoginSuite -->
</testng-results>
